-I: Adding /home/guoj1/local/miniconda3/dat/leap/prep to search path.
-I: Adding /home/guoj1/local/miniconda3/dat/leap/lib to search path.
-I: Adding /home/guoj1/local/miniconda3/dat/leap/parm to search path.
-I: Adding /home/guoj1/local/miniconda3/dat/leap/cmd to search path.
-s: Ignoring startup file: leaprc
-f: Source com.tleap.in.

Welcome to LEaP!
Sourcing: ./com.tleap.in
Using H(N)-modified Bondi radii
----- Source: /home/guoj1/local/miniconda3/dat/leap/cmd/oldff/leaprc.ff14SB
----- Source of /home/guoj1/local/miniconda3/dat/leap/cmd/oldff/leaprc.ff14SB done
Log file: ./leap.log
Loading parameters: /home/guoj1/local/miniconda3/dat/leap/parm/parm10.dat
Reading title:
PARM99 + frcmod.ff99SB + frcmod.parmbsc0 + OL3 for RNA
Loading parameters: /home/guoj1/local/miniconda3/dat/leap/parm/frcmod.ff14SB
Reading force field modification type file (frcmod)
Reading title:
ff14SB protein backbone and sidechain parameters
Loading library: /home/guoj1/local/miniconda3/dat/leap/lib/amino12.lib
Loading library: /home/guoj1/local/miniconda3/dat/leap/lib/aminoct12.lib
Loading library: /home/guoj1/local/miniconda3/dat/leap/lib/aminont12.lib
Loading library: /home/guoj1/local/miniconda3/dat/leap/lib/nucleic12.lib
Loading library: /home/guoj1/local/miniconda3/dat/leap/lib/atomic_ions.lib
Loading library: /home/guoj1/local/miniconda3/dat/leap/lib/solvents.lib
Loading parameters: /home/guoj1/local/miniconda3/dat/leap/parm/frcmod.ionsjc_tip3p
Reading force field modification type file (frcmod)
Reading title:
Monovalent ion parameters for Ewald and TIP3P water from Joung & Cheatham JPCB (2008)
----- Source: /home/guoj1/local/miniconda3/dat/leap/cmd/leaprc.gaff
----- Source of /home/guoj1/local/miniconda3/dat/leap/cmd/leaprc.gaff done
Log file: ./leap.log
Loading parameters: /home/guoj1/local/miniconda3/dat/leap/parm/gaff.dat
Reading title:
AMBER General Force Field for organic molecules (Version 1.81, May 2017)
Loading PDB file: ../01.chimera.mol.prep/2HYY_chainA_apo_minequi_noH.pdb
  total atoms in file: 2144
  Leap added 2107 missing atoms according to residue templates:
       2107 H / lone pairs
Loading parameters: ./lig.ante.frcmod
Reading force field modification type file (frcmod)
Reading title:
remark goes here
Loading Prep file: ./lig.ante.prep
Loading PDB file: ./lig.ante.pdb
  total atoms in file: 70
Checking Unit.

/home/guoj1/local/miniconda3/bin/teLeap: Warning!
The unperturbed charge of the unit (-5.000500) is not zero.

/home/guoj1/local/miniconda3/bin/teLeap: Note.
Ignoring the warning from Unit Checking.

Building topology.
Building atom parameters.
Building bond parameters.
Building angle parameters.
Building proper torsion parameters.
Building improper torsion parameters.
old PREP-specified impropers:
 <STI 498>:  C1   C5   C6   H6  
 <STI 498>:  C6   C2   C1   H1  
 <STI 498>:  C1   H2   C2   N3  
 <STI 498>:  C5   H4   C4   N3  
 <STI 498>:  C4   C6   C5   C7  
 <STI 498>:  C12  C5   C7   N8  
 <STI 498>:  C11  C7   C12  H12 
 <STI 498>:  C12  H11  C11  N10 
 <STI 498>:  N8   N10  C9   N13 
 <STI 498>:  C9   C14  N13  H13 
 <STI 498>:  C15  C19  C14  N13 
 <STI 498>:  C14  C16  C15  H15 
 <STI 498>:  C20  C14  C19  C18 
 <STI 498>:  C19  C17  C18  H18 
 <STI 498>:  C18  C16  C17  H17 
 <STI 498>:  C15  C17  C16  N21 
 <STI 498>:  C22  C16  N21  H21 
 <STI 498>:  C23  N21  C22  O29 
 <STI 498>:  C22  C29  C23  C25 
 <STI 498>:  C23  C28  C29  H29 
 <STI 498>:  C29  C27  C28  H28 
 <STI 498>:  C23  C26  C25  H25 
 <STI 498>:  C25  C27  C26  H26 
 <STI 498>:  C46  C28  C27  C26 
 total 892 improper torsions applied
 24 improper torsions in old prep form
Building H-Bond parameters.
Incorporating Non-Bonded adjustments.
Not Marking per-residue atom chain types.
Marking per-residue atom chain types.
  (Residues lacking connect0/connect1 - 
   these don't have chain types marked:

	res	total affected

	CGLN	1
	NTRP	1
  )
 (no restraints)
  Solute vdw bounding box:              41.902 66.309 58.737
  Total bounding box for atom centers:  61.902 86.309 78.737
  Solvent unit box:                     18.774 18.774 18.774
  Total vdw box size:                   65.386 89.185 81.867 angstroms.
  Volume: 477401.122 A^3 
  Total mass 232562.854 amu,  Density 0.809 g/cc
  Added 11189 residues.
Adding 5 counter ions to "com" using 1A grid
Grid extends from solute vdw + 1.37  to  7.37
Resolution:      1.00 Angstrom.
Solvent present: replacing closest with ion
	 when steric overlaps occur
Calculating grid charges
(Replacing solvent molecule)
Placed Na+ in com at (-8.04, -0.40, -23.07).
(Replacing solvent molecule)
Placed Na+ in com at (11.74, -6.72, -2.47).
(Replacing solvent molecule)
Placed Na+ in com at (-0.89, 4.34, -31.00).
(Replacing solvent molecule)
Placed Na+ in com at (-13.27, 27.70, -6.46).
(Replacing solvent molecule)
Placed Na+ in com at (-2.41, 24.18, -16.23).

Done adding ions.
Total unperturbed charge:  -0.000500
Total perturbed charge:    -0.000500
Checking Unit.
Building topology.
Building atom parameters.
Building bond parameters.
Building angle parameters.
Building proper torsion parameters.
Building improper torsion parameters.
old PREP-specified impropers:
 <STI 498>:  C1   C5   C6   H6  
 <STI 498>:  C6   C2   C1   H1  
 <STI 498>:  C1   H2   C2   N3  
 <STI 498>:  C5   H4   C4   N3  
 <STI 498>:  C4   C6   C5   C7  
 <STI 498>:  C12  C5   C7   N8  
 <STI 498>:  C11  C7   C12  H12 
 <STI 498>:  C12  H11  C11  N10 
 <STI 498>:  N8   N10  C9   N13 
 <STI 498>:  C9   C14  N13  H13 
 <STI 498>:  C15  C19  C14  N13 
 <STI 498>:  C14  C16  C15  H15 
 <STI 498>:  C20  C14  C19  C18 
 <STI 498>:  C19  C17  C18  H18 
 <STI 498>:  C18  C16  C17  H17 
 <STI 498>:  C15  C17  C16  N21 
 <STI 498>:  C22  C16  N21  H21 
 <STI 498>:  C23  N21  C22  O29 
 <STI 498>:  C22  C29  C23  C25 
 <STI 498>:  C23  C28  C29  H29 
 <STI 498>:  C29  C27  C28  H28 
 <STI 498>:  C23  C26  C25  H25 
 <STI 498>:  C25  C27  C26  H26 
 <STI 498>:  C46  C28  C27  C26 
 total 892 improper torsions applied
 24 improper torsions in old prep form
Building H-Bond parameters.
Incorporating Non-Bonded adjustments.
Not Marking per-residue atom chain types.
Marking per-residue atom chain types.
  (Residues lacking connect0/connect1 - 
   these don't have chain types marked:

	res	total affected

	CGLN	1
	NTRP	1
	WAT	11184
  )
 (no restraints)
	Quit

Exiting LEaP: Errors = 0; Warnings = 1; Notes = 1.
