-I: Adding /home/guoj1/local/miniconda3/dat/leap/prep to search path.
-I: Adding /home/guoj1/local/miniconda3/dat/leap/lib to search path.
-I: Adding /home/guoj1/local/miniconda3/dat/leap/parm to search path.
-I: Adding /home/guoj1/local/miniconda3/dat/leap/cmd to search path.
-s: Ignoring startup file: leaprc
-f: Source tleap.in.

Welcome to LEaP!
Sourcing: ./tleap.in
----- Source: /home/guoj1/local/miniconda3/dat/leap/cmd/leaprc.gaff2
----- Source of /home/guoj1/local/miniconda3/dat/leap/cmd/leaprc.gaff2 done
Log file: ./leap.log
Loading parameters: /home/guoj1/local/miniconda3/dat/leap/parm/gaff2.dat
Reading title:
AMBER General Force Field for organic molecules (Version 2.11, May 2016)
Loading Mol2 file: ./lig.gaff.mol2
Reading MOLECULE named 2HYY_raw_wt_holo.pdb
Loading parameters: ./lig.frcmod
Reading force field modification type file (frcmod)
Reading title:
remark goes here
Checking Unit.

/home/guoj1/local/miniconda3/bin/teLeap: Warning!
The unperturbed charge of the unit (1.996002) is not zero.

/home/guoj1/local/miniconda3/bin/teLeap: Note.
Ignoring the warning from Unit Checking.

Building topology.
Building atom parameters.
Building bond parameters.
Building angle parameters.
Building proper torsion parameters.
Building improper torsion parameters.
 total 24 improper torsions applied
Building H-Bond parameters.
Incorporating Non-Bonded adjustments.
Not Marking per-residue atom chain types.
Marking per-residue atom chain types.
  (Residues lacking connect0/connect1 - 
   these don't have chain types marked:

	res	total affected

	STI	1
  )
 (no restraints)
