            --------------------------------------------------------
                             AMBER SQM VERSION 19
 
                                     By
              Ross C. Walker, Michael F. Crowley, Scott Brozell,
                         Tim Giese, Andreas W. Goetz,
                        Tai-Sung Lee and David A. Case
 
            --------------------------------------------------------
 

--------------------------------------------------------------------------------
  QM CALCULATION INFO
--------------------------------------------------------------------------------

| QMMM: Citation for AMBER QMMM Run:
| QMMM: R.C. Walker, M.F. Crowley and D.A. Case, J. COMP. CHEM. 29:1019, 2008

QMMM: SINGLET STATE CALCULATION
QMMM: RHF CALCULATION, NO. OF DOUBLY OCCUPIED LEVELS = 94

| QMMM: *** Selected Hamiltonian *** 
| QMMM: AM1         

| QMMM: *** Parameter sets in use ***
| QMMM: C : M.J.S.DEWAR et al. JACS, 107, 3902, (1985)
| QMMM: N : M.J.S.DEWAR et al. JACS, 107, 3902, (1985)
| QMMM: O : M.J.S.DEWAR et al. JACS, 107, 3902, (1985)
| QMMM: H : M.J.S.DEWAR et al. JACS, 107, 3902, (1985)

| QMMM: *** SCF convergence criteria ***
| QMMM: Energy change                :  0.1D-07 kcal/mol
| QMMM: Error matrix |FP-PF|         :  0.1D+00 au
| QMMM: Density matrix change        :  0.5D-05
| QMMM: Maximum number of SCF cycles :     1000

| QMMM: *** Diagonalization Routine Information ***
| QMMM: Pseudo diagonalizations are allowed.
| QMMM: Auto diagonalization routine selection is in use.
| QMMM:
| QMMM: Timing diagonalization routines:
| QMMM:                              norbs =      181
| QMMM:    diag iterations used for timing =        5
| QMMM:
| QMMM:              Internal diag routine = 0.084365 seconds
| QMMM:                 Dspev diag routine = 0.097703 seconds
| QMMM:                Dspevd diag routine = 0.058274 seconds
| QMMM:                Dspevx diag routine = 0.208237 seconds
| QMMM:                 Dsyev diag routine = 0.104923 seconds
| QMMM:                Dsyevd diag routine = 0.056467 seconds
| QMMM:                Dsyevr diag routine = 0.048342 seconds
| QMMM:
| QMMM:                Pseudo diag routine = 0.028860 seconds
| QMMM:
| QMMM: Using dsyevr routine (diag_routine=7).

  QMMM: QM Region Cartesian Coordinates (*=link atom) 
  QMMM: QM_NO.   MM_NO.  ATOM         X         Y         Z
  QMMM:     1        1      C       22.8270   11.7250   13.7800
  QMMM:     2        2      C       22.0360   12.1770   14.8390
  QMMM:     3        3      C       20.6680   11.8090   14.9590
  QMMM:     4        4      C       20.1400   11.0010   13.9470
  QMMM:     5        5      N       20.8920   10.5700   12.9040
  QMMM:     6        6      C       22.1760   10.9310   12.8420
  QMMM:     7        7      C       19.7780   12.2610   16.1190
  QMMM:     8        8      C       20.2660   12.8280   17.2280
  QMMM:     9        9      C       19.3470   13.1770   18.2350
  QMMM:    10       10      N       18.0470   12.9440   18.0700
  QMMM:    11       11      C       17.5930   12.3830   16.9620
  QMMM:    12       12      N       18.4330   12.0210   15.9770
  QMMM:    13       13      N       16.2540   12.1250   16.6950
  QMMM:    14       14      C       15.3460   12.2710   17.7100
  QMMM:    15       15      C       15.2340   11.3050   18.7320
  QMMM:    16       16      C       14.2850   11.5390   19.7140
  QMMM:    17       17      C       13.4510   12.6990   19.6990
  QMMM:    18       18      C       13.5600   13.6330   18.6980
  QMMM:    19       19      C       14.5060   13.4010   17.6880
  QMMM:    20       20      N       12.6590   14.7350   18.8140
  QMMM:    21       21      C       12.5890   15.6820   17.8510
  QMMM:    22       22      C       11.4550   16.6420   17.9000
  QMMM:    23       23      C       11.0790   17.3300   16.7130
  QMMM:    24       24      C       10.0060   18.2850   16.6780
  QMMM:    25       25      C        9.2980   18.5360   17.8690
  QMMM:    26       26      C        9.6620   17.8540   19.0650
  QMMM:    27       27      C       10.7360   16.9080   19.1120
  QMMM:    28       28      C        8.1960   19.5290   17.8320
  QMMM:    29       29      N        8.1910   20.4060   18.9880
  QMMM:    30       30      C        9.4550   21.1520   19.1060
  QMMM:    31       31      C        9.4480   22.0490   20.4020
  QMMM:    32       32      N        8.1500   22.8120   20.4470
  QMMM:    33       33      C        8.1830   23.6190   21.6400
  QMMM:    34       34      C        6.9280   22.0290   20.3800
  QMMM:    35       35      C        6.9520   21.2300   19.0530
  QMMM:    36       36      O       13.3990   15.8030   16.9310
  QMMM:    37       37      C       16.0750   10.0530   18.8150
  QMMM:    38       38      H       23.8740   11.9750   13.6950
  QMMM:    39       39      H       22.4750   12.8220   15.5850
  QMMM:    40       40      H       19.1010   10.7110   13.9980
  QMMM:    41       41      H       22.7530   10.5800   11.9990
  QMMM:    42       42      H       21.3240   13.0110   17.3460
  QMMM:    43       43      H       19.6990   13.6360   19.1470
  QMMM:    44       44      H       15.9570   11.8360   15.7740
  QMMM:    45       45      H       14.1720   10.8230   20.5150
  QMMM:    46       46      H       12.7250   12.8430   20.4850
  QMMM:    47       47      H       14.5920   14.1060   16.8740
  QMMM:    48       48      H       12.0650   14.8080   19.6280
  QMMM:    49       49      H       11.6220   17.1260   15.8020
  QMMM:    50       50      H        9.7490   18.7970   15.7620
  QMMM:    51       51      H        9.1080   18.0580   19.9690
  QMMM:    52       52      H       10.9970   16.4090   20.0340
  QMMM:    53       53      H        7.2470   18.9940   17.7960
  QMMM:    54       54      H        8.2950   20.1340   16.9300
  QMMM:    55       55      H        8.1570   19.7970   19.7930
  QMMM:    56       56      H       10.2840   20.4460   19.1630
  QMMM:    57       57      H        9.5820   21.7870   18.2290
  QMMM:    58       58      H        9.5340   21.4180   21.2870
  QMMM:    59       59      H       10.2830   22.7480   20.3680
  QMMM:    60       60      H        8.1460   23.4430   19.6580
  QMMM:    61       61      H        6.8800   21.3430   21.2260
  QMMM:    62       62      H        6.0640   22.6930   20.3950
  QMMM:    63       63      H        6.9330   21.9230   18.2120
  QMMM:    64       64      H        6.0800   20.5780   19.0060
  QMMM:    65       65      H        7.2600   24.1930   21.7170
  QMMM:    66       66      H        8.2830   22.9730   22.5120
  QMMM:    67       67      H        9.0320   24.3010   21.5940
  QMMM:    68       68      H       16.7660   10.0220   17.9730
  QMMM:    69       69      H       15.4270    9.1770   18.7850
  QMMM:    70       70      H       16.6390   10.0550   19.7480

--------------------------------------------------------------------------------
  RESULTS
--------------------------------------------------------------------------------

      iter         sqm energy              rms gradient
      ----    -------------------    -----------------------
xmin    10      514.6742 kcal/mol        0.7113 kcal/(mol*A)
xmin    20      513.3854 kcal/mol        0.9666 kcal/(mol*A)
xmin    30      512.5915 kcal/mol        0.7244 kcal/(mol*A)
xmin    40      511.9394 kcal/mol        0.7090 kcal/(mol*A)
xmin    50      511.3949 kcal/mol        0.7937 kcal/(mol*A)
xmin    60      511.0191 kcal/mol        0.4376 kcal/(mol*A)
xmin    70      510.7762 kcal/mol        0.1946 kcal/(mol*A)
xmin    80      510.6358 kcal/mol        0.3075 kcal/(mol*A)
xmin    90      510.5002 kcal/mol        0.2389 kcal/(mol*A)
xmin   100      510.3648 kcal/mol        0.2119 kcal/(mol*A)
xmin   110      510.2484 kcal/mol        0.4873 kcal/(mol*A)
xmin   120      510.0934 kcal/mol        0.9187 kcal/(mol*A)
xmin   130      509.8605 kcal/mol        0.1855 kcal/(mol*A)
xmin   140      509.7867 kcal/mol        0.2140 kcal/(mol*A)
xmin   150      509.6671 kcal/mol        0.4676 kcal/(mol*A)
xmin   160      509.5507 kcal/mol        0.1603 kcal/(mol*A)
xmin   170      509.4482 kcal/mol        0.2100 kcal/(mol*A)
xmin   180      509.3620 kcal/mol        0.2576 kcal/(mol*A)
xmin   190      509.2502 kcal/mol        0.1711 kcal/(mol*A)
xmin   200      509.1384 kcal/mol        0.2210 kcal/(mol*A)
xmin   210      509.0063 kcal/mol        0.1324 kcal/(mol*A)
xmin   220      508.9148 kcal/mol        0.1871 kcal/(mol*A)
xmin   230      508.7550 kcal/mol        0.2664 kcal/(mol*A)
xmin   240      508.5553 kcal/mol        0.1316 kcal/(mol*A)
xmin   250      508.3418 kcal/mol        0.1320 kcal/(mol*A)
xmin   260      508.1504 kcal/mol        0.3320 kcal/(mol*A)
xmin   270      508.0512 kcal/mol        0.0827 kcal/(mol*A)
xmin   280      507.9780 kcal/mol        0.2721 kcal/(mol*A)
xmin   290      507.9089 kcal/mol        0.2227 kcal/(mol*A)
xmin   300      507.8458 kcal/mol        0.2770 kcal/(mol*A)
xmin   310      507.7877 kcal/mol        0.1919 kcal/(mol*A)
xmin   320      507.7153 kcal/mol        0.1341 kcal/(mol*A)
xmin   330      507.6582 kcal/mol        0.1912 kcal/(mol*A)
xmin   340      507.6115 kcal/mol        0.1960 kcal/(mol*A)
xmin   350      507.5684 kcal/mol        0.2220 kcal/(mol*A)
xmin   360      507.5294 kcal/mol        0.0967 kcal/(mol*A)
xmin   370      507.4779 kcal/mol        0.2065 kcal/(mol*A)
xmin   380      507.4542 kcal/mol        0.0965 kcal/(mol*A)
xmin   390      507.4265 kcal/mol        0.0838 kcal/(mol*A)
xmin   400      507.4107 kcal/mol        0.1400 kcal/(mol*A)
xmin   410      507.3842 kcal/mol        0.1477 kcal/(mol*A)
xmin   420      507.3633 kcal/mol        0.0552 kcal/(mol*A)
xmin   430      507.3451 kcal/mol        0.2010 kcal/(mol*A)
xmin   440      507.3282 kcal/mol        0.0843 kcal/(mol*A)
xmin   450      507.3151 kcal/mol        0.0747 kcal/(mol*A)
xmin   460      507.2900 kcal/mol        0.1046 kcal/(mol*A)
xmin   470      507.2739 kcal/mol        0.1437 kcal/(mol*A)
xmin   480      507.2609 kcal/mol        0.0578 kcal/(mol*A)
xmin   490      507.2539 kcal/mol        0.0805 kcal/(mol*A)
xmin   500      507.2418 kcal/mol        0.0451 kcal/(mol*A)
xmin   510      507.2354 kcal/mol        0.0937 kcal/(mol*A)
xmin   520      507.2289 kcal/mol        0.0795 kcal/(mol*A)
  ... geometry converged !
 
 Final MO eigenvalues (eV):
 -50.5574  -47.4676  -45.4846  -43.7720  -43.2370  -42.4759  -41.8328  -40.9782
 -39.8911  -39.8509  -38.3333  -37.6746  -37.3599  -37.1367  -35.5111  -35.4008
 -34.6201  -34.3384  -33.9788  -33.4600  -33.0633  -32.3326  -31.5667  -30.4106
 -29.3213  -28.7723  -28.0143  -27.9280  -27.5146  -26.5715  -26.2299  -26.1520
 -26.0295  -25.6846  -25.6558  -25.0638  -24.8591  -24.7781  -24.4236  -23.2664
 -22.8009  -22.7061  -22.3606  -22.2837  -21.8492  -21.7585  -21.6156  -21.3000
 -21.2840  -21.2275  -21.0731  -20.9922  -20.8996  -20.4951  -20.3557  -20.0698
 -19.8685  -19.6139  -19.5067  -19.2571  -19.0697  -18.9595  -18.8743  -18.6440
 -18.5271  -18.3074  -18.1244  -17.6570  -17.5361  -17.2790  -17.1404  -16.8635
 -16.5092  -16.4060  -16.2190  -16.0629  -15.9564  -15.8185  -15.5765  -15.5293
 -15.1737  -15.0031  -14.8087  -14.6174  -14.4081  -14.2210  -14.0741  -13.0056
 -12.8078  -12.5713  -12.5474  -12.0013  -11.7659  -11.3390   -7.9162   -7.5437
  -6.1244   -6.0150   -5.8065   -5.7750   -5.6354   -5.2606   -5.1991   -5.0731
  -5.0481   -4.8399   -4.7223   -4.4922   -4.3430   -4.3208   -4.2772   -4.1926
  -4.0529   -3.9838   -3.7919   -3.7774   -3.5711   -3.3974   -3.3453   -3.2385
  -3.0203   -2.8540   -2.7598   -2.5466   -2.4188   -2.2504   -2.1473   -2.0581
  -1.8151   -1.8075   -1.6397   -1.3782   -1.2349   -1.1346   -0.9241   -0.7880
  -0.7285   -0.4181   -0.3357   -0.1294   -0.0139    0.2055    0.2217    0.6541
   0.7721    0.8229    0.8903    0.9979    1.0746    1.1480    1.2555    1.3606
   1.5269    1.5420    1.6027    1.7177    1.7348    1.8071    1.8191    1.9080
   1.9349    2.0602    2.1553    2.2406    2.3467    2.3745    2.4855    2.5721
   2.6693    2.7207    2.7773    2.8348    2.9188    3.0442    3.0824    3.2318
   3.4254    3.5321    3.6712    4.5563    4.7898

 Heat of formation   =        507.21941320 kcal/mol  (       21.99468424 eV)

 Total SCF energy    =    -136452.84818492 kcal/mol  (    -5917.03951194 eV)
 Electronic energy   =   -1189572.67750083 kcal/mol  (   -51583.74214045 eV)
 Core-core repulsion =    1053119.82931591 kcal/mol  (    45666.70262850 eV)
 
    Atomic Charges for Step       1 :
  Atom    Element       Mulliken Charge
     1      C                 -0.186
     2      C                 -0.070
     3      C                 -0.118
     4      C                 -0.022
     5      N                 -0.136
     6      C                 -0.047
     7      C                  0.114
     8      C                 -0.271
     9      C                 -0.010
    10      N                 -0.215
    11      C                  0.150
    12      N                 -0.211
    13      N                 -0.231
    14      C                  0.076
    15      C                 -0.095
    16      C                 -0.092
    17      C                 -0.171
    18      C                  0.035
    19      C                 -0.111
    20      N                 -0.293
    21      C                  0.329
    22      C                 -0.049
    23      C                 -0.074
    24      C                 -0.109
    25      C                 -0.207
    26      C                 -0.104
    27      C                 -0.097
    28      C                 -0.046
    29      N                 -0.025
    30      C                 -0.162
    31      C                 -0.159
    32      N                 -0.009
    33      C                 -0.194
    34      C                 -0.159
    35      C                 -0.160
    36      O                 -0.316
    37      C                 -0.192
    38      H                  0.151
    39      H                  0.139
    40      H                  0.176
    41      H                  0.170
    42      H                  0.160
    43      H                  0.158
    44      H                  0.243
    45      H                  0.148
    46      H                  0.131
    47      H                  0.182
    48      H                  0.232
    49      H                  0.192
    50      H                  0.142
    51      H                  0.141
    52      H                  0.179
    53      H                  0.159
    54      H                  0.152
    55      H                  0.256
    56      H                  0.210
    57      H                  0.166
    58      H                  0.172
    59      H                  0.197
    60      H                  0.261
    61      H                  0.171
    62      H                  0.196
    63      H                  0.170
    64      H                  0.195
    65      H                  0.169
    66      H                  0.159
    67      H                  0.169
    68      H                  0.094
    69      H                  0.097
    70      H                  0.096
 Total Mulliken Charge =       2.000
 
                  X        Y        Z     TOTAL  
  QM DIPOLE    90.472  203.600  190.926  293.413
 
 Final Structure

  QMMM: QM Region Cartesian Coordinates (*=link atom) 
  QMMM: QM_NO.   MM_NO.  ATOM         X         Y         Z
  QMMM:     1        1      C       22.8639   13.5330   15.3089
  QMMM:     2        2      C       21.6211   13.7886   15.8858
  QMMM:     3        3      C       20.7007   12.7373   16.0110
  QMMM:     4        4      C       21.0783   11.4603   15.5352
  QMMM:     5        5      N       22.2764   11.2034   14.9802
  QMMM:     6        6      C       23.1474   12.2251   14.8718
  QMMM:     7        7      C       19.3821   12.9618   16.6188
  QMMM:     8        8      C       19.2593   13.8655   17.7023
  QMMM:     9        9      C       17.9788   14.0316   18.2496
  QMMM:    10       10      N       16.8854   13.3950   17.7986
  QMMM:    11       11      C       17.0880   12.5330   16.7300
  QMMM:    12       12      N       18.3165   12.2850   16.1314
  QMMM:    13       13      N       15.9814   11.8802   16.1386
  QMMM:    14       14      C       14.7614   11.7095   16.8318
  QMMM:    15       15      C       14.2647   10.4079   17.0948
  QMMM:    16       16      C       13.0085   10.2710   17.6909
  QMMM:    17       17      C       12.2410   11.3741   18.0337
  QMMM:    18       18      C       12.7310   12.6743   17.7785
  QMMM:    19       19      C       13.9899   12.8379   17.1779
  QMMM:    20       20      N       11.9274   13.7751   18.1659
  QMMM:    21       21      C       11.9934   15.0447   17.6450
  QMMM:    22       22      C       10.9543   16.0201   18.1383
  QMMM:    23       23      C       10.3073   16.8193   17.1853
  QMMM:    24       24      C        9.4112   17.8010   17.5956
  QMMM:    25       25      C        9.1575   17.9896   18.9626
  QMMM:    26       26      C        9.7888   17.1740   19.9118
  QMMM:    27       27      C       10.6859   16.1897   19.4996
  QMMM:    28       28      C        8.1848   19.0193   19.4011
  QMMM:    29       29      N        8.9163   20.2941   19.8216
  QMMM:    30       30      C        9.5217   20.9826   18.6437
  QMMM:    31       31      C       10.2183   22.2962   19.0141
  QMMM:    32       32      N        9.3133   23.2449   19.7395
  QMMM:    33       33      C       10.0555   24.4651   20.1723
  QMMM:    34       34      C        8.6842   22.5576   20.9116
  QMMM:    35       35      C        8.0072   21.2311   20.5409
  QMMM:    36       36      O       12.8415   15.4546   16.8323
  QMMM:    37       37      C       15.0432    9.1968   16.7441
  QMMM:    38       38      H       23.6087   14.3312   15.1923
  QMMM:    39       39      H       21.3631   14.8016   16.2285
  QMMM:    40       40      H       20.3874   10.5994   15.6032
  QMMM:    41       41      H       24.1211   11.9796   14.4088
  QMMM:    42       42      H       20.1295   14.3933   18.1063
  QMMM:    43       43      H       17.8103   14.7092   19.1068
  QMMM:    44       44      H       16.2259   11.1102   15.5440
  QMMM:    45       45      H       12.6181    9.2606   17.8967
  QMMM:    46       46      H       11.2579   11.2189   18.5032
  QMMM:    47       47      H       14.3797   13.8487   16.9652
  QMMM:    48       48      H       11.1377   13.5443   18.7281
  QMMM:    49       49      H       10.5275   16.6679   16.1124
  QMMM:    50       50      H        8.8881   18.4094   16.8413
  QMMM:    51       51      H        9.5657   17.2884   20.9841
  QMMM:    52       52      H       11.1867   15.5548   20.2512
  QMMM:    53       53      H        7.6054   18.6723   20.3062
  QMMM:    54       54      H        7.4647   19.2941   18.5791
  QMMM:    55       55      H        9.6780   20.0054   20.4557
  QMMM:    56       56      H       10.2871   20.2865   18.1743
  QMMM:    57       57      H        8.7104   21.1587   17.8774
  QMMM:    58       58      H       11.1249   22.1062   19.6619
  QMMM:    59       59      H       10.5741   22.7897   18.0582
  QMMM:    60       60      H        8.5643   23.5386   19.0931
  QMMM:    61       61      H        9.4830   22.3950   21.6947
  QMMM:    62       62      H        7.8976   23.2415   21.3563
  QMMM:    63       63      H        7.0974   21.4090   19.8946
  QMMM:    64       64      H        7.6559   20.7432   21.5015
  QMMM:    65       65      H        9.3415   25.1659   20.6877
  QMMM:    66       66      H       10.8825   24.1827   20.8784
  QMMM:    67       67      H       10.4900   24.9708   19.2656
  QMMM:    68       68      H       15.1366    9.0966   15.6326
  QMMM:    69       69      H       14.5453    8.2730   17.1308
  QMMM:    70       70      H       16.0714    9.2430   17.1837

           --------- Calculation Completed ----------

